#
# A fatal error has been detected by the Java Runtime Environment:
#
#  EXCEPTION_ACCESS_VIOLATION (0xc0000005) at pc=0x000000005aa73660, pid=2720, tid=4108
#
# JRE version: Java(TM) SE Runtime Environment (7.0_45-b18) (build 1.7.0_45-b18)
# Java VM: Java HotSpot(TM) 64-Bit Server VM (24.45-b08 mixed mode windows-amd64 compressed oops)
# Problematic frame:
# C  [nvoglv64.DLL+0x8f3660]
#
# Failed to write core dump. Minidumps are not enabled by default on client versions of Windows
#
# If you would like to submit a bug report, please visit:
#   http://bugreport.sun.com/bugreport/crash.jsp
# The crash happened outside the Java Virtual Machine in native code.
# See problematic frame for where to report the bug.
#

---------------  T H R E A D  ---------------

Current thread (0x000000000014d800):  JavaThread "main" [_thread_in_native, id=4108, stack(0x0000000002800000,0x0000000002900000)]

siginfo: ExceptionCode=0xc0000005, reading address 0x0000000000000000

Registers:
RAX=0x0000000000000006, RBX=0x00000000028ff1c0, RCX=0x0000000000000000, RDX=0x000000000ce40470
RSP=0x00000000028ff158, RBP=0x0000000000000000, RSI=0x000000000ebc7188, RDI=0x0000000000000001
R8 =0xfffffffff1438e78, R9 =0x000000000ebc7188, R10=0x000000005a180000, R11=0x0000000000000003
R12=0x000000000ce40288, R13=0x000000000a5410c8, R14=0x00000000028ff628, R15=0x0000000000000007
RIP=0x000000005aa73660, EFLAGS=0x0000000000010297

Top of Stack: (sp=0x00000000028ff158)
0x00000000028ff158:   000000005aa737ea 0000000000000000
0x00000000028ff168:   000000005aa73872 0000000c9af1f503
0x00000000028ff178:   0000000061edf318 000000077cf9eaf0
0x00000000028ff188:   0000000000000000 0000000000000000
0x00000000028ff198:   000000005aa7430c 000000000ce400c0
0x00000000028ff1a8:   0000000000000018 0000000000000030
0x00000000028ff1b8:   0000000062124d6d 0000000000000007
0x00000000028ff1c8:   0000000000000000 0000000700000000
0x00000000028ff1d8:   0000000000000000 0000000000000000
0x00000000028ff1e8:   0000000000000000 0000000000000000
0x00000000028ff1f8:   0000000000000000 0000000200000001
0x00000000028ff208:   0000000800000004 0000002000000010
0x00000000028ff218:   0000008000000040 0000020000000100
0x00000000028ff228:   0000080000000400 0000200000001000
0x00000000028ff238:   0000800000004000 0000000000000000
0x00000000028ff248:   0000140600000004 0000000000000030 

Instructions: (pc=0x000000005aa73660)
0x000000005aa73640:   4b 8b 04 01 ff c1 49 83 c1 08 49 89 41 f8 3b 4a
0x000000005aa73650:   08 7c ed f3 c3 33 c9 39 4a 08 7e 17 4d 2b c1 90
0x000000005aa73660:   43 8b 04 01 ff c1 49 83 c1 04 41 89 41 fc 3b 4a
0x000000005aa73670:   08 7c ed f3 c3 0f 1f 00 ad 35 8f 00 ad 35 8f 00 


Register to memory mapping:

RAX=0x0000000000000006 is an unknown value
RBX=0x00000000028ff1c0 is pointing into the stack for thread: 0x000000000014d800
RCX=0x0000000000000000 is an unknown value
RDX=0x000000000ce40470 is an unknown value
RSP=0x00000000028ff158 is pointing into the stack for thread: 0x000000000014d800
RBP=0x0000000000000000 is an unknown value
RSI=0x000000000ebc7188 is an unknown value
RDI=0x0000000000000001 is an unknown value
R8 =0xfffffffff1438e78 is an unknown value
R9 =0x000000000ebc7188 is an unknown value
R10=0x000000005a180000 is an unknown value
R11=0x0000000000000003 is an unknown value
R12=0x000000000ce40288 is an unknown value
R13=0x000000000a5410c8 is an unknown value
R14=0x00000000028ff628 is pointing into the stack for thread: 0x000000000014d800
R15=0x0000000000000007 is an unknown value


Stack: [0x0000000002800000,0x0000000002900000],  sp=0x00000000028ff158,  free space=1020k
Native frames: (J=compiled Java code, j=interpreted, Vv=VM code, C=native code)
C  [nvoglv64.DLL+0x8f3660]

[error occurred during error reporting (printing native stack), id 0xc0000005]

Java frames: (J=compiled Java code, j=interpreted, Vv=VM code)
j  org.lwjgl.opengl.GL11.nglDrawArrays(IIIJ)V+0
j  org.lwjgl.opengl.GL11.glDrawArrays(III)V+20
j  Example.render()V+215
j  lenz.opengl.AbstractSimpleBase.start()V+42
j  Example.main([Ljava/lang/String;)V+7
v  ~StubRoutines::call_stub

---------------  P R O C E S S  ---------------

Java Threads: ( => current thread )
  0x000000000c8b7000 JavaThread "Java2D Disposer" daemon [_thread_blocked, id=5004, stack(0x0000000010dd0000,0x0000000010ed0000)]
  0x000000000ac69000 JavaThread "Service Thread" daemon [_thread_blocked, id=3900, stack(0x000000000c380000,0x000000000c480000)]
  0x000000000ac66800 JavaThread "C2 CompilerThread1" daemon [_thread_blocked, id=2776, stack(0x000000000c4b0000,0x000000000c5b0000)]
  0x000000000ac61800 JavaThread "C2 CompilerThread0" daemon [_thread_blocked, id=4412, stack(0x000000000bcd0000,0x000000000bdd0000)]
  0x000000000ac60000 JavaThread "Attach Listener" daemon [_thread_blocked, id=3952, stack(0x000000000c200000,0x000000000c300000)]
  0x000000000ac59000 JavaThread "Signal Dispatcher" daemon [_thread_blocked, id=1656, stack(0x000000000c020000,0x000000000c120000)]
  0x000000000ac06000 JavaThread "Finalizer" daemon [_thread_blocked, id=3864, stack(0x000000000bf10000,0x000000000c010000)]
  0x000000000abff000 JavaThread "Reference Handler" daemon [_thread_blocked, id=4868, stack(0x0000000005fd0000,0x00000000060d0000)]
=>0x000000000014d800 JavaThread "main" [_thread_in_native, id=4108, stack(0x0000000002800000,0x0000000002900000)]

Other Threads:
  0x000000000abfb800 VMThread [stack: 0x000000000bdd0000,0x000000000bed0000] [id=4248]
  0x000000000ac7b000 WatcherThread [stack: 0x000000000c690000,0x000000000c790000] [id=2876]

VM state:not at safepoint (normal execution)

VM Mutex/Monitor currently owned by a thread: None

Heap
 PSYoungGen      total 37888K, used 7400K [0x00000007d5f00000, 0x00000007d8900000, 0x0000000800000000)
  eden space 32768K, 22% used [0x00000007d5f00000,0x00000007d663a2f0,0x00000007d7f00000)
  from space 5120K, 0% used [0x00000007d8400000,0x00000007d8400000,0x00000007d8900000)
  to   space 5120K, 0% used [0x00000007d7f00000,0x00000007d7f00000,0x00000007d8400000)
 ParOldGen       total 86016K, used 0K [0x0000000781e00000, 0x0000000787200000, 0x00000007d5f00000)
  object space 86016K, 0% used [0x0000000781e00000,0x0000000781e00000,0x0000000787200000)
 PSPermGen       total 21504K, used 6614K [0x000000077cc00000, 0x000000077e100000, 0x0000000781e00000)
  object space 21504K, 30% used [0x000000077cc00000,0x000000077d275978,0x000000077e100000)

Card table byte_map: [0x0000000005900000,0x0000000005d20000] byte_map_base: 0x0000000001d1a000

Polling page: 0x0000000000130000

Code Cache  [0x0000000002900000, 0x0000000002b70000, 0x0000000005900000)
 total_blobs=411 nmethods=37 adapters=327 free_code_cache=48587Kb largest_free_block=49732352

Compilation events (10 events):
Event: 0.433 Thread 0x000000000ac66800 nmethod 33 0x000000000298a290 code [0x000000000298a440, 0x000000000298a690]
Event: 0.433 Thread 0x000000000ac66800   34             java.awt.image.ComponentColorModel::getGreen (7 bytes)
Event: 0.434 Thread 0x000000000ac66800 nmethod 34 0x000000000298aa50 code [0x000000000298ac00, 0x000000000298ae70]
Event: 0.434 Thread 0x000000000ac66800   35             java.awt.image.ComponentColorModel::getBlue (7 bytes)
Event: 0.434 Thread 0x000000000ac61800 nmethod 31 0x000000000298c910 code [0x000000000298cc60, 0x000000000298dbe0]
Event: 0.434 Thread 0x000000000ac61800   36 %           lenz.opengl.utils.Texture::createTextureFromImage @ 52 (243 bytes)
Event: 0.435 Thread 0x000000000ac66800 nmethod 35 0x000000000298c150 code [0x000000000298c300, 0x000000000298c570]
Event: 0.439 Thread 0x000000000ac61800 nmethod 36% 0x00000000029828d0 code [0x0000000002982a80, 0x00000000029831b0]
Event: 0.441 Thread 0x000000000ac66800   37             sun.nio.cs.SingleByte$Decoder::decode (11 bytes)
Event: 0.442 Thread 0x000000000ac66800 nmethod 37 0x0000000002981910 code [0x0000000002981a40, 0x0000000002981af8]

GC Heap History (0 events):
No events

Deoptimization events (0 events):
No events

Internal exceptions (10 events):
Event: 0.342 Thread 0x000000000014d800 Threw 0x00000007d6279d98 at C:\re\jdk7u45\229\hotspot\src\share\vm\prims\jvm.cpp:1244
Event: 0.343 Thread 0x000000000014d800 Threw 0x00000007d62849f0 at C:\re\jdk7u45\229\hotspot\src\share\vm\prims\jvm.cpp:1244
Event: 0.345 Thread 0x000000000014d800 Threw 0x00000007d629ad20 at C:\re\jdk7u45\229\hotspot\src\share\vm\prims\jvm.cpp:1244
Event: 0.345 Thread 0x000000000014d800 Threw 0x00000007d62a2fc0 at C:\re\jdk7u45\229\hotspot\src\share\vm\prims\jvm.cpp:1244
Event: 0.348 Thread 0x000000000014d800 Threw 0x00000007d62b6e18 at C:\re\jdk7u45\229\hotspot\src\share\vm\prims\jvm.cpp:1244
Event: 0.348 Thread 0x000000000014d800 Threw 0x00000007d62b6f40 at C:\re\jdk7u45\229\hotspot\src\share\vm\prims\jvm.cpp:1244
Event: 0.348 Thread 0x000000000014d800 Threw 0x00000007d62ba478 at C:\re\jdk7u45\229\hotspot\src\share\vm\prims\jvm.cpp:1244
Event: 0.348 Thread 0x000000000014d800 Threw 0x00000007d62ba5a0 at C:\re\jdk7u45\229\hotspot\src\share\vm\prims\jvm.cpp:1244
Event: 0.353 Thread 0x000000000014d800 Threw 0x00000007d62c2c98 at C:\re\jdk7u45\229\hotspot\src\share\vm\prims\jni.cpp:717
Event: 0.434 Thread 0x000000000014d800 Threw 0x00000007d65ce5b0 at C:\re\jdk7u45\229\hotspot\src\share\vm\prims\jvm.cpp:1244

Events (10 events):
Event: 0.439 loading class 0x000000000c970980
Event: 0.439 loading class 0x000000000c970980 done
Event: 0.439 loading class 0x000000000c9e39f0
Event: 0.440 loading class 0x000000000c9e39f0 done
Event: 0.440 loading class 0x000000000fed6980
Event: 0.440 loading class 0x000000000fed6980 done
Event: 0.440 loading class 0x000000000fee9510
Event: 0.440 loading class 0x000000000fee9510 done
Event: 0.440 loading class 0x000000000fee94a0
Event: 0.440 loading class 0x000000000fee94a0 done


Dynamic libraries:
0x000000013fbe0000 - 0x000000013fc13000 	C:\Program Files\Java\jre7\bin\javaw.exe
0x0000000077ad0000 - 0x0000000077c79000 	C:\Windows\SYSTEM32\ntdll.dll
0x00000000778b0000 - 0x00000000779cf000 	C:\Windows\system32\kernel32.dll
0x000007fefdc00000 - 0x000007fefdc6b000 	C:\Windows\system32\KERNELBASE.dll
0x000007fefdda0000 - 0x000007fefde7b000 	C:\Windows\system32\ADVAPI32.dll
0x000007fefe1d0000 - 0x000007fefe26f000 	C:\Windows\system32\msvcrt.dll
0x000007fefe190000 - 0x000007fefe1af000 	C:\Windows\SYSTEM32\sechost.dll
0x000007fefe3e0000 - 0x000007fefe50d000 	C:\Windows\system32\RPCRT4.dll
0x00000000779d0000 - 0x0000000077aca000 	C:\Windows\system32\USER32.dll
0x000007fefdd30000 - 0x000007fefdd97000 	C:\Windows\system32\GDI32.dll
0x000007fefe1b0000 - 0x000007fefe1be000 	C:\Windows\system32\LPK.dll
0x000007fefe310000 - 0x000007fefe3d9000 	C:\Windows\system32\USP10.dll
0x000007fefb200000 - 0x000007fefb3f4000 	C:\Windows\WinSxS\amd64_microsoft.windows.common-controls_6595b64144ccf1df_6.0.7601.17514_none_fa396087175ac9ac\COMCTL32.dll
0x000007fefdcb0000 - 0x000007fefdd21000 	C:\Windows\system32\SHLWAPI.dll
0x000007fefed00000 - 0x000007fefed2e000 	C:\Windows\system32\IMM32.DLL
0x000007feffcd0000 - 0x000007feffdd9000 	C:\Windows\system32\MSCTF.dll
0x000007fefd830000 - 0x000007fefd876000 	C:\Windows\system32\nvinitx.dll
0x000000000f000000 - 0x000000000f006000 	C:\Program Files\NVIDIA Corporation\CoProcManager\_etoured.dll
0x000007fefa4f0000 - 0x000007fefa545000 	C:\Program Files\NVIDIA Corporation\CoProcManager\nvd3d9wrapx.dll
0x000007fefe630000 - 0x000007fefe807000 	C:\Windows\system32\SETUPAPI.dll
0x000007fefdc70000 - 0x000007fefdca6000 	C:\Windows\system32\CFGMGR32.dll
0x000007fefec20000 - 0x000007fefecf7000 	C:\Windows\system32\OLEAUT32.dll
0x000007feffac0000 - 0x000007feffcc3000 	C:\Windows\system32\ole32.dll
0x000007fefdbd0000 - 0x000007fefdbea000 	C:\Windows\system32\DEVOBJ.dll
0x000007fefa1e0000 - 0x000007fefa21d000 	C:\Program Files\NVIDIA Corporation\CoProcManager\nvdxgiwrapx.dll
0x0000000064c90000 - 0x0000000064d62000 	C:\Program Files\Java\jre7\bin\msvcr100.dll
0x0000000061ec0000 - 0x0000000062689000 	C:\Program Files\Java\jre7\bin\server\jvm.dll
0x000007fef5020000 - 0x000007fef5029000 	C:\Windows\system32\WSOCK32.dll
0x000007fefdf00000 - 0x000007fefdf4d000 	C:\Windows\system32\WS2_32.dll
0x000007fefe1c0000 - 0x000007fefe1c8000 	C:\Windows\system32\NSI.dll
0x000007fefa410000 - 0x000007fefa44b000 	C:\Windows\system32\WINMM.dll
0x0000000077ca0000 - 0x0000000077ca7000 	C:\Windows\system32\PSAPI.DLL
0x0000000074790000 - 0x000000007479f000 	C:\Program Files\Java\jre7\bin\verify.dll
0x0000000070860000 - 0x0000000070888000 	C:\Program Files\Java\jre7\bin\java.dll
0x0000000070840000 - 0x0000000070855000 	C:\Program Files\Java\jre7\bin\zip.dll
0x0000000180000000 - 0x0000000180050000 	B:\DevStff\CG\CG\lib\native\lwjgl64.dll
0x000007feee680000 - 0x000007feee79d000 	C:\Windows\system32\OPENGL32.dll
0x000007fef27a0000 - 0x000007fef27cd000 	C:\Windows\system32\GLU32.dll
0x000007fef5820000 - 0x000007fef5911000 	C:\Windows\system32\DDRAW.dll
0x000007fef5810000 - 0x000007fef5818000 	C:\Windows\system32\DCIMAN32.dll
0x000007fefad90000 - 0x000007fefada8000 	C:\Windows\system32\dwmapi.dll
0x000007fefc7f0000 - 0x000007fefc7fc000 	C:\Windows\system32\VERSION.dll
0x000007fefb170000 - 0x000007fefb1c6000 	C:\Windows\system32\uxtheme.dll
0x000000005a180000 - 0x000000005bc37000 	C:\Windows\system32\nvoglv64.DLL
0x000007fefed30000 - 0x000007feffab8000 	C:\Windows\system32\SHELL32.dll
0x000007fefdaf0000 - 0x000007fefdb2a000 	C:\Windows\system32\WINTRUST.dll
0x000007fefd970000 - 0x000007fefdadc000 	C:\Windows\system32\CRYPT32.dll
0x000007fefd920000 - 0x000007fefd92f000 	C:\Windows\system32\MSASN1.dll
0x000007fefc6e0000 - 0x000007fefc70d000 	C:\Windows\system32\ntmarta.dll
0x000007fefdea0000 - 0x000007fefdef2000 	C:\Windows\system32\WLDAP32.dll
0x000007fefd760000 - 0x000007fefd76f000 	C:\Windows\system32\CRYPTBASE.dll
0x000007fefa450000 - 0x000007fefa4ec000 	C:\Windows\system32\mscms.dll
0x000007fefcbc0000 - 0x000007fefcbde000 	C:\Windows\system32\USERENV.dll
0x000007fefd880000 - 0x000007fefd88f000 	C:\Windows\system32\profapi.dll
0x000007feee630000 - 0x000007feee672000 	C:\Windows\system32\icm32.dll
0x0000000059fe0000 - 0x000000005a175000 	C:\Program Files\Java\jre7\bin\awt.dll
0x000007fefd100000 - 0x000007fefd117000 	C:\Windows\system32\CRYPTSP.dll
0x000007fefce00000 - 0x000007fefce47000 	C:\Windows\system32\rsaenh.dll
0x0000000070820000 - 0x0000000070839000 	C:\Program Files\Java\jre7\bin\net.dll
0x000007fefd0a0000 - 0x000007fefd0f5000 	C:\Windows\system32\mswsock.dll
0x000007fefd090000 - 0x000007fefd097000 	C:\Windows\System32\wship6.dll
0x000007fefa6e0000 - 0x000007fefa6f5000 	C:\Windows\system32\NLAapi.dll
0x000007fef7b10000 - 0x000007fef7b25000 	C:\Windows\system32\napinsp.dll
0x000007fef6b90000 - 0x000007fef6ba9000 	C:\Windows\system32\pnrpnsp.dll
0x000007fefcf20000 - 0x000007fefcf7b000 	C:\Windows\system32\DNSAPI.dll
0x000007feeafb0000 - 0x000007feeafbb000 	C:\Windows\System32\winrnr.dll
0x000007fefca80000 - 0x000007fefca87000 	C:\Windows\System32\wshtcpip.dll
0x000007fefa2b0000 - 0x000007fefa2d7000 	C:\Windows\system32\IPHLPAPI.DLL
0x000007fefa290000 - 0x000007fefa29b000 	C:\Windows\system32\WINNSI.DLL
0x000007fef91c0000 - 0x000007fef91c8000 	C:\Windows\system32\rasadhlp.dll
0x000007fef95b0000 - 0x000007fef9603000 	C:\Windows\System32\fwpuclnt.dll
0x000000006fe10000 - 0x000000006fe21000 	C:\Program Files\Java\jre7\bin\nio.dll
0x0000000059fb0000 - 0x0000000059fe0000 	C:\Program Files\Java\jre7\bin\jpeg.dll
0x000007fef86e0000 - 0x000007fef8805000 	C:\Windows\system32\dbghelp.dll

VM Arguments:
jvm_args: -Djava.library.path=B:\DevStff\CG\CG\lib\native -Dfile.encoding=Cp1252 
java_command: Example
Launcher Type: SUN_STANDARD

Environment Variables:
PATH=C:\Program Files (x86)\NVIDIA Corporation\PhysX\Common;C:\Program Files (x86)\Intel\iCLS Client\;C:\Program Files\Intel\iCLS Client\;C:\Windows\system32;C:\Windows;C:\Windows\System32\Wbem;C:\Windows\System32\WindowsPowerShell\v1.0\;C:\Program Files\Intel\Intel(R) Management Engine Components\DAL;C:\Program Files\Intel\Intel(R) Management Engine Components\IPT;C:\Program Files (x86)\Intel\Intel(R) Management Engine Components\DAL;C:\Program Files (x86)\Intel\Intel(R) Management Engine Components\IPT;C:\Program Files (x86)\Intel\OpenCL SDK\3.0\bin\x86;C:\Program Files (x86)\Intel\OpenCL SDK\3.0\bin\x64;C:\Program Files (x86)\Autodesk\Backburner\;B:\RailsInstaller\Git\cmd;B:\RailsInstaller\Ruby1.9.3\bin;.;;.;
USERNAME=Jolly94
OS=Windows_NT
PROCESSOR_IDENTIFIER=Intel64 Family 6 Model 60 Stepping 3, GenuineIntel



---------------  S Y S T E M  ---------------

OS: Windows 7 , 64 bit Build 7601 Service Pack 1

CPU:total 4 (4 cores per cpu, 1 threads per core) family 6 model 60 stepping 3, cmov, cx8, fxsr, mmx, sse, sse2, sse3, ssse3, sse4.1, sse4.2, popcnt, avx, avx2, aes, erms, tsc, tscinvbit

Memory: 4k page, physical 8264692k(6197748k free), swap 16527520k(13779044k free)

vm_info: Java HotSpot(TM) 64-Bit Server VM (24.45-b08) for windows-amd64 JRE (1.7.0_45-b18), built on Oct  8 2013 05:47:22 by "java_re" with unknown MS VC++:1600

time: Sun Feb 09 14:11:24 2014
elapsed time: 0 seconds

