#
# A fatal error has been detected by the Java Runtime Environment:
#
#  EXCEPTION_ACCESS_VIOLATION (0xc0000005) at pc=0x0000000058fb3660, pid=4232, tid=4280
#
# JRE version: Java(TM) SE Runtime Environment (7.0_45-b18) (build 1.7.0_45-b18)
# Java VM: Java HotSpot(TM) 64-Bit Server VM (24.45-b08 mixed mode windows-amd64 compressed oops)
# Problematic frame:
# C  [nvoglv64.DLL+0x8f3660]
#
# Failed to write core dump. Minidumps are not enabled by default on client versions of Windows
#
# If you would like to submit a bug report, please visit:
#   http://bugreport.sun.com/bugreport/crash.jsp
# The crash happened outside the Java Virtual Machine in native code.
# See problematic frame for where to report the bug.
#

---------------  T H R E A D  ---------------

Current thread (0x00000000023cd800):  JavaThread "main" [_thread_in_native, id=4280, stack(0x00000000026c0000,0x00000000027c0000)]

siginfo: ExceptionCode=0xc0000005, reading address 0x0000000000000000

Registers:
RAX=0x0000000000000006, RBX=0x00000000027bf210, RCX=0x0000000000000000, RDX=0x000000000ce90470
RSP=0x00000000027bf1a8, RBP=0x0000000000000000, RSI=0x000000000f9b7188, RDI=0x0000000000000001
R8 =0xfffffffff0648e78, R9 =0x000000000f9b7188, R10=0x00000000586c0000, R11=0x0000000000000003
R12=0x000000000ce90288, R13=0x000000000a6d1078, R14=0x00000000027bf678, R15=0x0000000000000007
RIP=0x0000000058fb3660, EFLAGS=0x0000000000010297

Top of Stack: (sp=0x00000000027bf1a8)
0x00000000027bf1a8:   0000000058fb37ea 0000000000000000
0x00000000027bf1b8:   0000000058fb3872 0000000c9781d618
0x00000000027bf1c8:   0000000061edf318 000000077cf9eaf0
0x00000000027bf1d8:   0000000000000000 0000000000000000
0x00000000027bf1e8:   0000000058fb430c 000000000ce900c0
0x00000000027bf1f8:   0000000000000018 0000000000000030
0x00000000027bf208:   0000000062124d6d 0000000000000007
0x00000000027bf218:   0000000000000000 0000000700000000
0x00000000027bf228:   0000000000000000 0000000000000000
0x00000000027bf238:   0000000000000000 0000000000000000
0x00000000027bf248:   0000000000000000 0000000200000001
0x00000000027bf258:   0000000800000004 0000002000000010
0x00000000027bf268:   0000008000000040 0000020000000100
0x00000000027bf278:   0000080000000400 0000200000001000
0x00000000027bf288:   0000800000004000 0000000000000000
0x00000000027bf298:   0000140600000004 0000000000000030 

Instructions: (pc=0x0000000058fb3660)
0x0000000058fb3640:   4b 8b 04 01 ff c1 49 83 c1 08 49 89 41 f8 3b 4a
0x0000000058fb3650:   08 7c ed f3 c3 33 c9 39 4a 08 7e 17 4d 2b c1 90
0x0000000058fb3660:   43 8b 04 01 ff c1 49 83 c1 04 41 89 41 fc 3b 4a
0x0000000058fb3670:   08 7c ed f3 c3 0f 1f 00 ad 35 8f 00 ad 35 8f 00 


Register to memory mapping:

RAX=0x0000000000000006 is an unknown value
RBX=0x00000000027bf210 is pointing into the stack for thread: 0x00000000023cd800
RCX=0x0000000000000000 is an unknown value
RDX=0x000000000ce90470 is an unknown value
RSP=0x00000000027bf1a8 is pointing into the stack for thread: 0x00000000023cd800
RBP=0x0000000000000000 is an unknown value
RSI=0x000000000f9b7188 is an unknown value
RDI=0x0000000000000001 is an unknown value
R8 =0xfffffffff0648e78 is an unknown value
R9 =0x000000000f9b7188 is an unknown value
R10=0x00000000586c0000 is an unknown value
R11=0x0000000000000003 is an unknown value
R12=0x000000000ce90288 is an unknown value
R13=0x000000000a6d1078 is an unknown value
R14=0x00000000027bf678 is pointing into the stack for thread: 0x00000000023cd800
R15=0x0000000000000007 is an unknown value


Stack: [0x00000000026c0000,0x00000000027c0000],  sp=0x00000000027bf1a8,  free space=1020k
Native frames: (J=compiled Java code, j=interpreted, Vv=VM code, C=native code)
C  [nvoglv64.DLL+0x8f3660]

[error occurred during error reporting (printing native stack), id 0xc0000005]

Java frames: (J=compiled Java code, j=interpreted, Vv=VM code)
j  org.lwjgl.opengl.GL11.nglDrawArrays(IIIJ)V+0
j  org.lwjgl.opengl.GL11.glDrawArrays(III)V+20
j  Example.render()V+215
j  lenz.opengl.AbstractSimpleBase.start()V+42
j  Example.main([Ljava/lang/String;)V+7
v  ~StubRoutines::call_stub

---------------  P R O C E S S  ---------------

Java Threads: ( => current thread )
  0x000000000c807000 JavaThread "Java2D Disposer" daemon [_thread_blocked, id=1520, stack(0x0000000010ef0000,0x0000000010ff0000)]
  0x000000000ad07000 JavaThread "Service Thread" daemon [_thread_blocked, id=4176, stack(0x000000000c5f0000,0x000000000c6f0000)]
  0x000000000ad06800 JavaThread "C2 CompilerThread1" daemon [_thread_blocked, id=4320, stack(0x000000000c420000,0x000000000c520000)]
  0x000000000ad01800 JavaThread "C2 CompilerThread0" daemon [_thread_blocked, id=2780, stack(0x000000000c280000,0x000000000c380000)]
  0x000000000ad00000 JavaThread "Attach Listener" daemon [_thread_blocked, id=4652, stack(0x000000000c110000,0x000000000c210000)]
  0x000000000acf9000 JavaThread "Signal Dispatcher" daemon [_thread_blocked, id=2736, stack(0x000000000bed0000,0x000000000bfd0000)]
  0x000000000aca6000 JavaThread "Finalizer" daemon [_thread_blocked, id=3884, stack(0x000000000bfd0000,0x000000000c0d0000)]
  0x000000000ac9f000 JavaThread "Reference Handler" daemon [_thread_blocked, id=4500, stack(0x000000000bd00000,0x000000000be00000)]
=>0x00000000023cd800 JavaThread "main" [_thread_in_native, id=4280, stack(0x00000000026c0000,0x00000000027c0000)]

Other Threads:
  0x000000000ac9b800 VMThread [stack: 0x000000000baf0000,0x000000000bbf0000] [id=1368]
  0x000000000c6f8800 WatcherThread [stack: 0x000000000cbc0000,0x000000000ccc0000] [id=2588]

VM state:not at safepoint (normal execution)

VM Mutex/Monitor currently owned by a thread: None

Heap
 PSYoungGen      total 37888K, used 7400K [0x00000007d5f00000, 0x00000007d8900000, 0x0000000800000000)
  eden space 32768K, 22% used [0x00000007d5f00000,0x00000007d663a300,0x00000007d7f00000)
  from space 5120K, 0% used [0x00000007d8400000,0x00000007d8400000,0x00000007d8900000)
  to   space 5120K, 0% used [0x00000007d7f00000,0x00000007d7f00000,0x00000007d8400000)
 ParOldGen       total 86016K, used 0K [0x0000000781e00000, 0x0000000787200000, 0x00000007d5f00000)
  object space 86016K, 0% used [0x0000000781e00000,0x0000000781e00000,0x0000000787200000)
 PSPermGen       total 21504K, used 6614K [0x000000077cc00000, 0x000000077e100000, 0x0000000781e00000)
  object space 21504K, 30% used [0x000000077cc00000,0x000000077d275978,0x000000077e100000)

Card table byte_map: [0x00000000057c0000,0x0000000005be0000] byte_map_base: 0x0000000001bda000

Polling page: 0x0000000000130000

Code Cache  [0x00000000027c0000, 0x0000000002a30000, 0x00000000057c0000)
 total_blobs=411 nmethods=37 adapters=327 free_code_cache=48587Kb largest_free_block=49732544

Compilation events (10 events):
Event: 0.450 Thread 0x000000000ad06800 nmethod 33 0x000000000284a1d0 code [0x000000000284a380, 0x000000000284a5d0]
Event: 0.450 Thread 0x000000000ad06800   34             java.awt.image.ComponentColorModel::getGreen (7 bytes)
Event: 0.451 Thread 0x000000000ad06800 nmethod 34 0x000000000284a990 code [0x000000000284ab40, 0x000000000284adb0]
Event: 0.451 Thread 0x000000000ad06800   35             java.awt.image.ComponentColorModel::getBlue (7 bytes)
Event: 0.452 Thread 0x000000000ad01800 nmethod 31 0x000000000284c850 code [0x000000000284cba0, 0x000000000284db20]
Event: 0.452 Thread 0x000000000ad01800   36 %           lenz.opengl.utils.Texture::createTextureFromImage @ 52 (243 bytes)
Event: 0.452 Thread 0x000000000ad06800 nmethod 35 0x000000000284c090 code [0x000000000284c240, 0x000000000284c4b0]
Event: 0.456 Thread 0x000000000ad01800 nmethod 36% 0x0000000002842810 code [0x00000000028429c0, 0x00000000028430f0]
Event: 0.459 Thread 0x000000000ad06800   37             sun.nio.cs.SingleByte$Decoder::decode (11 bytes)
Event: 0.459 Thread 0x000000000ad06800 nmethod 37 0x0000000002841850 code [0x0000000002841980, 0x0000000002841a38]

GC Heap History (0 events):
No events

Deoptimization events (0 events):
No events

Internal exceptions (10 events):
Event: 0.360 Thread 0x00000000023cd800 Threw 0x00000007d6279cc8 at C:\re\jdk7u45\229\hotspot\src\share\vm\prims\jvm.cpp:1244
Event: 0.361 Thread 0x00000000023cd800 Threw 0x00000007d6284920 at C:\re\jdk7u45\229\hotspot\src\share\vm\prims\jvm.cpp:1244
Event: 0.363 Thread 0x00000000023cd800 Threw 0x00000007d629ac50 at C:\re\jdk7u45\229\hotspot\src\share\vm\prims\jvm.cpp:1244
Event: 0.364 Thread 0x00000000023cd800 Threw 0x00000007d62a2ef0 at C:\re\jdk7u45\229\hotspot\src\share\vm\prims\jvm.cpp:1244
Event: 0.366 Thread 0x00000000023cd800 Threw 0x00000007d62b6d48 at C:\re\jdk7u45\229\hotspot\src\share\vm\prims\jvm.cpp:1244
Event: 0.366 Thread 0x00000000023cd800 Threw 0x00000007d62b6e70 at C:\re\jdk7u45\229\hotspot\src\share\vm\prims\jvm.cpp:1244
Event: 0.366 Thread 0x00000000023cd800 Threw 0x00000007d62ba3a8 at C:\re\jdk7u45\229\hotspot\src\share\vm\prims\jvm.cpp:1244
Event: 0.366 Thread 0x00000000023cd800 Threw 0x00000007d62ba4d0 at C:\re\jdk7u45\229\hotspot\src\share\vm\prims\jvm.cpp:1244
Event: 0.372 Thread 0x00000000023cd800 Threw 0x00000007d62c2bc8 at C:\re\jdk7u45\229\hotspot\src\share\vm\prims\jni.cpp:717
Event: 0.451 Thread 0x00000000023cd800 Threw 0x00000007d65cd450 at C:\re\jdk7u45\229\hotspot\src\share\vm\prims\jvm.cpp:1244

Events (10 events):
Event: 0.457 loading class 0x000000000c8c48f0
Event: 0.457 loading class 0x000000000c8c48f0 done
Event: 0.457 loading class 0x000000000c93e080
Event: 0.457 loading class 0x000000000c93e080 done
Event: 0.457 loading class 0x0000000010094d30
Event: 0.457 loading class 0x0000000010094d30 done
Event: 0.457 loading class 0x00000000101571b0
Event: 0.458 loading class 0x00000000101571b0 done
Event: 0.458 loading class 0x0000000010157140
Event: 0.458 loading class 0x0000000010157140 done


Dynamic libraries:
0x000000013fb50000 - 0x000000013fb83000 	C:\Program Files\Java\jre7\bin\javaw.exe
0x0000000077ad0000 - 0x0000000077c79000 	C:\Windows\SYSTEM32\ntdll.dll
0x00000000778b0000 - 0x00000000779cf000 	C:\Windows\system32\kernel32.dll
0x000007fefdc00000 - 0x000007fefdc6b000 	C:\Windows\system32\KERNELBASE.dll
0x000007fefdda0000 - 0x000007fefde7b000 	C:\Windows\system32\ADVAPI32.dll
0x000007fefe1d0000 - 0x000007fefe26f000 	C:\Windows\system32\msvcrt.dll
0x000007fefe190000 - 0x000007fefe1af000 	C:\Windows\SYSTEM32\sechost.dll
0x000007fefe3e0000 - 0x000007fefe50d000 	C:\Windows\system32\RPCRT4.dll
0x00000000779d0000 - 0x0000000077aca000 	C:\Windows\system32\USER32.dll
0x000007fefdd30000 - 0x000007fefdd97000 	C:\Windows\system32\GDI32.dll
0x000007fefe1b0000 - 0x000007fefe1be000 	C:\Windows\system32\LPK.dll
0x000007fefe310000 - 0x000007fefe3d9000 	C:\Windows\system32\USP10.dll
0x000007fefb200000 - 0x000007fefb3f4000 	C:\Windows\WinSxS\amd64_microsoft.windows.common-controls_6595b64144ccf1df_6.0.7601.17514_none_fa396087175ac9ac\COMCTL32.dll
0x000007fefdcb0000 - 0x000007fefdd21000 	C:\Windows\system32\SHLWAPI.dll
0x000007fefed00000 - 0x000007fefed2e000 	C:\Windows\system32\IMM32.DLL
0x000007feffcd0000 - 0x000007feffdd9000 	C:\Windows\system32\MSCTF.dll
0x000007fefd830000 - 0x000007fefd876000 	C:\Windows\system32\nvinitx.dll
0x000000000f000000 - 0x000000000f006000 	C:\Program Files\NVIDIA Corporation\CoProcManager\_etoured.dll
0x000007fefa4f0000 - 0x000007fefa545000 	C:\Program Files\NVIDIA Corporation\CoProcManager\nvd3d9wrapx.dll
0x000007fefe630000 - 0x000007fefe807000 	C:\Windows\system32\SETUPAPI.dll
0x000007fefdc70000 - 0x000007fefdca6000 	C:\Windows\system32\CFGMGR32.dll
0x000007fefec20000 - 0x000007fefecf7000 	C:\Windows\system32\OLEAUT32.dll
0x000007feffac0000 - 0x000007feffcc3000 	C:\Windows\system32\ole32.dll
0x000007fefdbd0000 - 0x000007fefdbea000 	C:\Windows\system32\DEVOBJ.dll
0x000007fefa1e0000 - 0x000007fefa21d000 	C:\Program Files\NVIDIA Corporation\CoProcManager\nvdxgiwrapx.dll
0x0000000064c90000 - 0x0000000064d62000 	C:\Program Files\Java\jre7\bin\msvcr100.dll
0x0000000061ec0000 - 0x0000000062689000 	C:\Program Files\Java\jre7\bin\server\jvm.dll
0x000007fef5020000 - 0x000007fef5029000 	C:\Windows\system32\WSOCK32.dll
0x000007fefdf00000 - 0x000007fefdf4d000 	C:\Windows\system32\WS2_32.dll
0x000007fefe1c0000 - 0x000007fefe1c8000 	C:\Windows\system32\NSI.dll
0x000007fefa410000 - 0x000007fefa44b000 	C:\Windows\system32\WINMM.dll
0x0000000077ca0000 - 0x0000000077ca7000 	C:\Windows\system32\PSAPI.DLL
0x0000000074790000 - 0x000000007479f000 	C:\Program Files\Java\jre7\bin\verify.dll
0x0000000070860000 - 0x0000000070888000 	C:\Program Files\Java\jre7\bin\java.dll
0x0000000070840000 - 0x0000000070855000 	C:\Program Files\Java\jre7\bin\zip.dll
0x0000000180000000 - 0x0000000180050000 	B:\DevStff\CG\CG\lib\native\lwjgl64.dll
0x000007feed8a0000 - 0x000007feed9bd000 	C:\Windows\system32\OPENGL32.dll
0x000007fefb1d0000 - 0x000007fefb1fd000 	C:\Windows\system32\GLU32.dll
0x000007fef5820000 - 0x000007fef5911000 	C:\Windows\system32\DDRAW.dll
0x000007fef5810000 - 0x000007fef5818000 	C:\Windows\system32\DCIMAN32.dll
0x000007fefad90000 - 0x000007fefada8000 	C:\Windows\system32\dwmapi.dll
0x000007fefc7f0000 - 0x000007fefc7fc000 	C:\Windows\system32\VERSION.dll
0x000007fefb170000 - 0x000007fefb1c6000 	C:\Windows\system32\uxtheme.dll
0x00000000586c0000 - 0x000000005a177000 	C:\Windows\system32\nvoglv64.DLL
0x000007fefed30000 - 0x000007feffab8000 	C:\Windows\system32\SHELL32.dll
0x000007fefdaf0000 - 0x000007fefdb2a000 	C:\Windows\system32\WINTRUST.dll
0x000007fefd970000 - 0x000007fefdadc000 	C:\Windows\system32\CRYPT32.dll
0x000007fefd920000 - 0x000007fefd92f000 	C:\Windows\system32\MSASN1.dll
0x000007fefc6e0000 - 0x000007fefc70d000 	C:\Windows\system32\ntmarta.dll
0x000007fefdea0000 - 0x000007fefdef2000 	C:\Windows\system32\WLDAP32.dll
0x000007fefd760000 - 0x000007fefd76f000 	C:\Windows\system32\CRYPTBASE.dll
0x000007fefa450000 - 0x000007fefa4ec000 	C:\Windows\system32\mscms.dll
0x000007fefcbc0000 - 0x000007fefcbde000 	C:\Windows\system32\USERENV.dll
0x000007fefd880000 - 0x000007fefd88f000 	C:\Windows\system32\profapi.dll
0x000007feee750000 - 0x000007feee792000 	C:\Windows\system32\icm32.dll
0x000000005baa0000 - 0x000000005bc35000 	C:\Program Files\Java\jre7\bin\awt.dll
0x000007fefd100000 - 0x000007fefd117000 	C:\Windows\system32\CRYPTSP.dll
0x000007fefce00000 - 0x000007fefce47000 	C:\Windows\system32\rsaenh.dll
0x0000000070820000 - 0x0000000070839000 	C:\Program Files\Java\jre7\bin\net.dll
0x000007fefd0a0000 - 0x000007fefd0f5000 	C:\Windows\system32\mswsock.dll
0x000007fefd090000 - 0x000007fefd097000 	C:\Windows\System32\wship6.dll
0x000007fefa6e0000 - 0x000007fefa6f5000 	C:\Windows\system32\NLAapi.dll
0x000007fef7b10000 - 0x000007fef7b25000 	C:\Windows\system32\napinsp.dll
0x000007fef6b90000 - 0x000007fef6ba9000 	C:\Windows\system32\pnrpnsp.dll
0x000007fefcf20000 - 0x000007fefcf7b000 	C:\Windows\system32\DNSAPI.dll
0x000007feeafb0000 - 0x000007feeafbb000 	C:\Windows\System32\winrnr.dll
0x000007fefca80000 - 0x000007fefca87000 	C:\Windows\System32\wshtcpip.dll
0x000007fefa2b0000 - 0x000007fefa2d7000 	C:\Windows\system32\IPHLPAPI.DLL
0x000007fefa290000 - 0x000007fefa29b000 	C:\Windows\system32\WINNSI.DLL
0x000007fef91c0000 - 0x000007fef91c8000 	C:\Windows\system32\rasadhlp.dll
0x000007fef95b0000 - 0x000007fef9603000 	C:\Windows\System32\fwpuclnt.dll
0x000000006fe10000 - 0x000000006fe21000 	C:\Program Files\Java\jre7\bin\nio.dll
0x000000005ba70000 - 0x000000005baa0000 	C:\Program Files\Java\jre7\bin\jpeg.dll
0x000007fef86e0000 - 0x000007fef8805000 	C:\Windows\system32\dbghelp.dll

VM Arguments:
jvm_args: -Djava.library.path=B:\DevStff\CG\CG\lib\native -Dfile.encoding=Cp1252 
java_command: Example
Launcher Type: SUN_STANDARD

Environment Variables:
PATH=C:\Program Files (x86)\NVIDIA Corporation\PhysX\Common;C:\Program Files (x86)\Intel\iCLS Client\;C:\Program Files\Intel\iCLS Client\;C:\Windows\system32;C:\Windows;C:\Windows\System32\Wbem;C:\Windows\System32\WindowsPowerShell\v1.0\;C:\Program Files\Intel\Intel(R) Management Engine Components\DAL;C:\Program Files\Intel\Intel(R) Management Engine Components\IPT;C:\Program Files (x86)\Intel\Intel(R) Management Engine Components\DAL;C:\Program Files (x86)\Intel\Intel(R) Management Engine Components\IPT;C:\Program Files (x86)\Intel\OpenCL SDK\3.0\bin\x86;C:\Program Files (x86)\Intel\OpenCL SDK\3.0\bin\x64;C:\Program Files (x86)\Autodesk\Backburner\;B:\RailsInstaller\Git\cmd;B:\RailsInstaller\Ruby1.9.3\bin;.;;.;
USERNAME=Jolly94
OS=Windows_NT
PROCESSOR_IDENTIFIER=Intel64 Family 6 Model 60 Stepping 3, GenuineIntel



---------------  S Y S T E M  ---------------

OS: Windows 7 , 64 bit Build 7601 Service Pack 1

CPU:total 4 (4 cores per cpu, 1 threads per core) family 6 model 60 stepping 3, cmov, cx8, fxsr, mmx, sse, sse2, sse3, ssse3, sse4.1, sse4.2, popcnt, avx, avx2, aes, erms, tsc, tscinvbit

Memory: 4k page, physical 8264692k(6187480k free), swap 16527520k(13773052k free)

vm_info: Java HotSpot(TM) 64-Bit Server VM (24.45-b08) for windows-amd64 JRE (1.7.0_45-b18), built on Oct  8 2013 05:47:22 by "java_re" with unknown MS VC++:1600

time: Sun Feb 09 14:11:06 2014
elapsed time: 0 seconds

